Started GET "/" for 127.0.0.1 at 2020-12-10 16:29:59 -0500
Processing by StaticPagesController#index as HTML
  Rendering static_pages/index.html.erb within layouts/application
  Rendered shared/_main_nav.html.erb (0.9ms)
  Rendered shared/_masthead.html.erb (0.6ms)
  Rendered shared/_sections_nav.html.erb (0.7ms)
  Rendered shared/_search_modal.html.erb (0.6ms)
  Rendered shared/_main_content.html.erb (0.6ms)
  Rendered static_pages/index.html.erb within layouts/application (85.1ms)
Completed 200 OK in 2765ms (Views: 2759.3ms | ActiveRecord: 0.0ms)


Started GET "/assets/application.self-f537777fc5b4d781cd06f31eee5fee5827cdd52e44198d28a450da0198097103.css?body=1" for ::1 at 2020-12-10 16:30:07 -0500
Started GET "/" for ::1 at 2020-12-10 16:36:32 -0500
Processing by StaticPagesController#index as HTML
  Rendering static_pages/index.html.erb within layouts/application
  Rendered shared/_main_nav.html.erb (0.8ms)
  Rendered shared/_masthead.html.erb (3.0ms)
  Rendered shared/_sections_nav.html.erb (1.7ms)
  Rendered shared/_search_modal.html.erb (1.3ms)
  Rendered shared/_main_content.html.erb (0.7ms)
  Rendered static_pages/index.html.erb within layouts/application (137.0ms)
Completed 200 OK in 338ms (Views: 327.4ms | ActiveRecord: 0.0ms)


Started GET "/" for ::1 at 2020-12-10 16:38:13 -0500
Processing by StaticPagesController#index as HTML
  Rendering static_pages/index.html.erb within layouts/application
  Rendered shared/_main_nav.html.erb (1.4ms)
  Rendered shared/_masthead.html.erb (1.0ms)
  Rendered shared/_sections_nav.html.erb (0.6ms)
  Rendered shared/_search_modal.html.erb (1.5ms)
  Rendered shared/_main_content.html.erb (0.8ms)
  Rendered static_pages/index.html.erb within layouts/application (63.7ms)
Completed 200 OK in 174ms (Views: 166.0ms | ActiveRecord: 0.0ms)


Started GET "/" for ::1 at 2020-12-10 16:41:46 -0500
Processing by StaticPagesController#index as HTML
  Rendering static_pages/index.html.erb within layouts/application
  Rendered shared/_main_nav.html.erb (1.4ms)
  Rendered shared/_masthead.html.erb (2.0ms)
  Rendered shared/_sections_nav.html.erb (6.6ms)
  Rendered shared/_search_modal.html.erb (0.8ms)
  Rendered shared/_main_content.html.erb (0.6ms)
  Rendered static_pages/index.html.erb within layouts/application (128.5ms)
Completed 200 OK in 289ms (Views: 274.8ms | ActiveRecord: 0.0ms)


Started GET "/assets/jquery.self-bd7ddd393353a8d2480a622e80342adf488fb6006d667e8b42e4c0073393abee.js?body=1" for ::1 at 2020-12-10 16:41:46 -0500
Started GET "/assets/jquery_ujs.self-784a997f6726036b1993eb2217c9cb558e1cbb801c6da88105588c56f13b466a.js?body=1" for ::1 at 2020-12-10 16:41:46 -0500
Started GET "/assets/components/modal.self-52188644dbb47def5ee35ae02e69eb567ca9b664472357a8a5789dd39032a265.js?body=1" for ::1 at 2020-12-10 16:41:46 -0500
Started GET "/assets/application.self-f537777fc5b4d781cd06f31eee5fee5827cdd52e44198d28a450da0198097103.css?body=1" for ::1 at 2020-12-10 16:41:46 -0500
Started GET "/assets/components/sidebar.self-2a1277f850a6fa21e1a974ef5152f177ac05516477d5081d593bb137b3d6808b.js?body=1" for ::1 at 2020-12-10 16:41:46 -0500
Started GET "/assets/application.self-f571b9db02bf4ed04c38a6a29072ac382f7d4f47db1fab9817aeadb0d8665235.js?body=1" for ::1 at 2020-12-10 16:41:46 -0500
Started GET "/" for ::1 at 2020-12-10 16:42:11 -0500
Processing by StaticPagesController#index as HTML
  Rendering static_pages/index.html.erb within layouts/application
  Rendered shared/_main_nav.html.erb (1.3ms)
  Rendered shared/_masthead.html.erb (1.0ms)
  Rendered shared/_sections_nav.html.erb (1.8ms)
  Rendered shared/_search_modal.html.erb (1.5ms)
  Rendered shared/_main_content.html.erb (1.1ms)
  Rendered static_pages/index.html.erb within layouts/application (108.5ms)
Completed 200 OK in 229ms (Views: 218.1ms | ActiveRecord: 0.0ms)


Started GET "/" for ::1 at 2020-12-10 16:43:00 -0500
Processing by StaticPagesController#index as HTML
  Rendering static_pages/index.html.erb within layouts/application
  Rendered shared/_main_nav.html.erb (0.8ms)
  Rendered shared/_masthead.html.erb (1.0ms)
  Rendered shared/_sections_nav.html.erb (1.5ms)
  Rendered shared/_search_modal.html.erb (1.1ms)
  Rendered shared/_main_content.html.erb (1.3ms)
  Rendered static_pages/index.html.erb within layouts/application (91.9ms)
Completed 200 OK in 231ms (Views: 220.6ms | ActiveRecord: 0.0ms)


Started GET "/" for ::1 at 2020-12-10 16:44:29 -0500
Processing by StaticPagesController#index as HTML
  Rendering static_pages/index.html.erb within layouts/application
  Rendered shared/_main_nav.html.erb (1.2ms)
  Rendered shared/_masthead.html.erb (1.0ms)
  Rendered shared/_sections_nav.html.erb (4.1ms)
  Rendered shared/_search_modal.html.erb (0.8ms)
  Rendered shared/_main_content.html.erb (1.3ms)
  Rendered static_pages/index.html.erb within layouts/application (106.4ms)
Completed 200 OK in 247ms (Views: 234.8ms | ActiveRecord: 0.0ms)


Started GET "/" for ::1 at 2020-12-10 16:44:42 -0500
Processing by StaticPagesController#index as HTML
  Rendering static_pages/index.html.erb within layouts/application
  Rendered shared/_main_nav.html.erb (0.7ms)
  Rendered shared/_masthead.html.erb (0.7ms)
  Rendered shared/_sections_nav.html.erb (1.3ms)
  Rendered shared/_search_modal.html.erb (0.7ms)
  Rendered shared/_main_content.html.erb (4.6ms)
  Rendered static_pages/index.html.erb within layouts/application (90.7ms)
Completed 200 OK in 218ms (Views: 210.8ms | ActiveRecord: 0.0ms)


Started GET "/assets/images/AA_Times_Logo.png" for ::1 at 2020-12-10 16:44:43 -0500
  
ActionController::RoutingError (No route matches [GET] "/assets/images/AA_Times_Logo.png"):
  
actionpack (5.0.7.2) lib/action_dispatch/middleware/debug_exceptions.rb:53:in `call'
web-console (3.7.0) lib/web_console/middleware.rb:135:in `call_app'
web-console (3.7.0) lib/web_console/middleware.rb:30:in `block in call'
web-console (3.7.0) lib/web_console/middleware.rb:20:in `catch'
web-console (3.7.0) lib/web_console/middleware.rb:20:in `call'
actionpack (5.0.7.2) lib/action_dispatch/middleware/show_exceptions.rb:31:in `call'
railties (5.0.7.2) lib/rails/rack/logger.rb:36:in `call_app'
railties (5.0.7.2) lib/rails/rack/logger.rb:24:in `block in call'
activesupport (5.0.7.2) lib/active_support/tagged_logging.rb:69:in `block in tagged'
activesupport (5.0.7.2) lib/active_support/tagged_logging.rb:26:in `tagged'
activesupport (5.0.7.2) lib/active_support/tagged_logging.rb:69:in `tagged'
railties (5.0.7.2) lib/rails/rack/logger.rb:24:in `call'
actionpack (5.0.7.2) lib/action_dispatch/middleware/request_id.rb:24:in `call'
rack (2.2.3) lib/rack/method_override.rb:24:in `call'
rack (2.2.3) lib/rack/runtime.rb:22:in `call'
activesupport (5.0.7.2) lib/active_support/cache/strategy/local_cache_middleware.rb:28:in `call'
actionpack (5.0.7.2) lib/action_dispatch/middleware/executor.rb:12:in `call'
rack-livereload (0.3.17) lib/rack/livereload.rb:23:in `_call'
rack-livereload (0.3.17) lib/rack/livereload.rb:14:in `call'
actionpack (5.0.7.2) lib/action_dispatch/middleware/static.rb:136:in `call'
rack (2.2.3) lib/rack/sendfile.rb:110:in `call'
railties (5.0.7.2) lib/rails/engine.rb:522:in `call'
puma (3.12.6) lib/puma/configuration.rb:227:in `call'
puma (3.12.6) lib/puma/server.rb:706:in `handle_request'
puma (3.12.6) lib/puma/server.rb:476:in `process_client'
puma (3.12.6) lib/puma/server.rb:334:in `block in run'
puma (3.12.6) lib/puma/thread_pool.rb:135:in `block in spawn_thread'
  Rendering /home/srai/.rbenv/versions/2.5.1/lib/ruby/gems/2.5.0/gems/actionpack-5.0.7.2/lib/action_dispatch/middleware/templates/rescues/routing_error.html.erb within rescues/layout
  Rendering /home/srai/.rbenv/versions/2.5.1/lib/ruby/gems/2.5.0/gems/actionpack-5.0.7.2/lib/action_dispatch/middleware/templates/rescues/_trace.html.erb
  Rendered /home/srai/.rbenv/versions/2.5.1/lib/ruby/gems/2.5.0/gems/actionpack-5.0.7.2/lib/action_dispatch/middleware/templates/rescues/_trace.html.erb (7.2ms)
  Rendered collection of /home/srai/.rbenv/versions/2.5.1/lib/ruby/gems/2.5.0/gems/actionpack-5.0.7.2/lib/action_dispatch/middleware/templates/routes/_route.html.erb [1 times] (13.6ms)
  Rendered /home/srai/.rbenv/versions/2.5.1/lib/ruby/gems/2.5.0/gems/actionpack-5.0.7.2/lib/action_dispatch/middleware/templates/routes/_table.html.erb (196.9ms)
  Rendering /home/srai/.rbenv/versions/2.5.1/lib/ruby/gems/2.5.0/gems/actionpack-5.0.7.2/lib/action_dispatch/middleware/templates/rescues/_request_and_response.html.erb
  Rendered /home/srai/.rbenv/versions/2.5.1/lib/ruby/gems/2.5.0/gems/actionpack-5.0.7.2/lib/action_dispatch/middleware/templates/rescues/_request_and_response.html.erb (2.7ms)
  Rendered /home/srai/.rbenv/versions/2.5.1/lib/ruby/gems/2.5.0/gems/actionpack-5.0.7.2/lib/action_dispatch/middleware/templates/rescues/routing_error.html.erb within rescues/layout (965.1ms)
Started GET "/" for ::1 at 2020-12-10 16:44:50 -0500
Processing by StaticPagesController#index as HTML
  Rendering static_pages/index.html.erb within layouts/application
  Rendered shared/_main_nav.html.erb (0.9ms)
  Rendered shared/_masthead.html.erb (1.2ms)
  Rendered shared/_sections_nav.html.erb (1.2ms)
  Rendered shared/_search_modal.html.erb (4.9ms)
  Rendered shared/_main_content.html.erb (0.9ms)
  Rendered static_pages/index.html.erb within layouts/application (74.0ms)
Completed 200 OK in 183ms (Views: 174.3ms | ActiveRecord: 0.0ms)


Started GET "/assets/images/AA_Times_Logo.png" for ::1 at 2020-12-10 16:44:51 -0500
  
ActionController::RoutingError (No route matches [GET] "/assets/images/AA_Times_Logo.png"):
  
actionpack (5.0.7.2) lib/action_dispatch/middleware/debug_exceptions.rb:53:in `call'
web-console (3.7.0) lib/web_console/middleware.rb:135:in `call_app'
web-console (3.7.0) lib/web_console/middleware.rb:30:in `block in call'
web-console (3.7.0) lib/web_console/middleware.rb:20:in `catch'
web-console (3.7.0) lib/web_console/middleware.rb:20:in `call'
actionpack (5.0.7.2) lib/action_dispatch/middleware/show_exceptions.rb:31:in `call'
railties (5.0.7.2) lib/rails/rack/logger.rb:36:in `call_app'
railties (5.0.7.2) lib/rails/rack/logger.rb:24:in `block in call'
activesupport (5.0.7.2) lib/active_support/tagged_logging.rb:69:in `block in tagged'
activesupport (5.0.7.2) lib/active_support/tagged_logging.rb:26:in `tagged'
activesupport (5.0.7.2) lib/active_support/tagged_logging.rb:69:in `tagged'
railties (5.0.7.2) lib/rails/rack/logger.rb:24:in `call'
actionpack (5.0.7.2) lib/action_dispatch/middleware/request_id.rb:24:in `call'
rack (2.2.3) lib/rack/method_override.rb:24:in `call'
rack (2.2.3) lib/rack/runtime.rb:22:in `call'
activesupport (5.0.7.2) lib/active_support/cache/strategy/local_cache_middleware.rb:28:in `call'
actionpack (5.0.7.2) lib/action_dispatch/middleware/executor.rb:12:in `call'
rack-livereload (0.3.17) lib/rack/livereload.rb:23:in `_call'
rack-livereload (0.3.17) lib/rack/livereload.rb:14:in `call'
actionpack (5.0.7.2) lib/action_dispatch/middleware/static.rb:136:in `call'
rack (2.2.3) lib/rack/sendfile.rb:110:in `call'
railties (5.0.7.2) lib/rails/engine.rb:522:in `call'
puma (3.12.6) lib/puma/configuration.rb:227:in `call'
puma (3.12.6) lib/puma/server.rb:706:in `handle_request'
puma (3.12.6) lib/puma/server.rb:476:in `process_client'
puma (3.12.6) lib/puma/server.rb:334:in `block in run'
puma (3.12.6) lib/puma/thread_pool.rb:135:in `block in spawn_thread'
  Rendering /home/srai/.rbenv/versions/2.5.1/lib/ruby/gems/2.5.0/gems/actionpack-5.0.7.2/lib/action_dispatch/middleware/templates/rescues/routing_error.html.erb within rescues/layout
  Rendering /home/srai/.rbenv/versions/2.5.1/lib/ruby/gems/2.5.0/gems/actionpack-5.0.7.2/lib/action_dispatch/middleware/templates/rescues/_trace.html.erb
  Rendered /home/srai/.rbenv/versions/2.5.1/lib/ruby/gems/2.5.0/gems/actionpack-5.0.7.2/lib/action_dispatch/middleware/templates/rescues/_trace.html.erb (4.5ms)
  Rendered collection of /home/srai/.rbenv/versions/2.5.1/lib/ruby/gems/2.5.0/gems/actionpack-5.0.7.2/lib/action_dispatch/middleware/templates/routes/_route.html.erb [1 times] (3.8ms)
  Rendered /home/srai/.rbenv/versions/2.5.1/lib/ruby/gems/2.5.0/gems/actionpack-5.0.7.2/lib/action_dispatch/middleware/templates/routes/_table.html.erb (3.5ms)
  Rendering /home/srai/.rbenv/versions/2.5.1/lib/ruby/gems/2.5.0/gems/actionpack-5.0.7.2/lib/action_dispatch/middleware/templates/rescues/_request_and_response.html.erb
  Rendered /home/srai/.rbenv/versions/2.5.1/lib/ruby/gems/2.5.0/gems/actionpack-5.0.7.2/lib/action_dispatch/middleware/templates/rescues/_request_and_response.html.erb (4.3ms)
  Rendered /home/srai/.rbenv/versions/2.5.1/lib/ruby/gems/2.5.0/gems/actionpack-5.0.7.2/lib/action_dispatch/middleware/templates/rescues/routing_error.html.erb within rescues/layout (438.9ms)
Started GET "/assets/images/AA_Times_Logo.png" for ::1 at 2020-12-10 16:44:55 -0500
  
ActionController::RoutingError (No route matches [GET] "/assets/images/AA_Times_Logo.png"):
  
actionpack (5.0.7.2) lib/action_dispatch/middleware/debug_exceptions.rb:53:in `call'
web-console (3.7.0) lib/web_console/middleware.rb:135:in `call_app'
web-console (3.7.0) lib/web_console/middleware.rb:30:in `block in call'
web-console (3.7.0) lib/web_console/middleware.rb:20:in `catch'
web-console (3.7.0) lib/web_console/middleware.rb:20:in `call'
actionpack (5.0.7.2) lib/action_dispatch/middleware/show_exceptions.rb:31:in `call'
railties (5.0.7.2) lib/rails/rack/logger.rb:36:in `call_app'
railties (5.0.7.2) lib/rails/rack/logger.rb:24:in `block in call'
activesupport (5.0.7.2) lib/active_support/tagged_logging.rb:69:in `block in tagged'
activesupport (5.0.7.2) lib/active_support/tagged_logging.rb:26:in `tagged'
activesupport (5.0.7.2) lib/active_support/tagged_logging.rb:69:in `tagged'
railties (5.0.7.2) lib/rails/rack/logger.rb:24:in `call'
actionpack (5.0.7.2) lib/action_dispatch/middleware/request_id.rb:24:in `call'
rack (2.2.3) lib/rack/method_override.rb:24:in `call'
rack (2.2.3) lib/rack/runtime.rb:22:in `call'
activesupport (5.0.7.2) lib/active_support/cache/strategy/local_cache_middleware.rb:28:in `call'
actionpack (5.0.7.2) lib/action_dispatch/middleware/executor.rb:12:in `call'
rack-livereload (0.3.17) lib/rack/livereload.rb:23:in `_call'
rack-livereload (0.3.17) lib/rack/livereload.rb:14:in `call'
actionpack (5.0.7.2) lib/action_dispatch/middleware/static.rb:136:in `call'
rack (2.2.3) lib/rack/sendfile.rb:110:in `call'
railties (5.0.7.2) lib/rails/engine.rb:522:in `call'
puma (3.12.6) lib/puma/configuration.rb:227:in `call'
puma (3.12.6) lib/puma/server.rb:706:in `handle_request'
puma (3.12.6) lib/puma/server.rb:476:in `process_client'
puma (3.12.6) lib/puma/server.rb:334:in `block in run'
puma (3.12.6) lib/puma/thread_pool.rb:135:in `block in spawn_thread'
  Rendering /home/srai/.rbenv/versions/2.5.1/lib/ruby/gems/2.5.0/gems/actionpack-5.0.7.2/lib/action_dispatch/middleware/templates/rescues/routing_error.html.erb within rescues/layout
  Rendering /home/srai/.rbenv/versions/2.5.1/lib/ruby/gems/2.5.0/gems/actionpack-5.0.7.2/lib/action_dispatch/middleware/templates/rescues/_trace.html.erb
  Rendered /home/srai/.rbenv/versions/2.5.1/lib/ruby/gems/2.5.0/gems/actionpack-5.0.7.2/lib/action_dispatch/middleware/templates/rescues/_trace.html.erb (4.5ms)
  Rendered collection of /home/srai/.rbenv/versions/2.5.1/lib/ruby/gems/2.5.0/gems/actionpack-5.0.7.2/lib/action_dispatch/middleware/templates/routes/_route.html.erb [1 times] (2.6ms)
  Rendered /home/srai/.rbenv/versions/2.5.1/lib/ruby/gems/2.5.0/gems/actionpack-5.0.7.2/lib/action_dispatch/middleware/templates/routes/_table.html.erb (3.3ms)
  Rendering /home/srai/.rbenv/versions/2.5.1/lib/ruby/gems/2.5.0/gems/actionpack-5.0.7.2/lib/action_dispatch/middleware/templates/rescues/_request_and_response.html.erb
  Rendered /home/srai/.rbenv/versions/2.5.1/lib/ruby/gems/2.5.0/gems/actionpack-5.0.7.2/lib/action_dispatch/middleware/templates/rescues/_request_and_response.html.erb (4.0ms)
  Rendered /home/srai/.rbenv/versions/2.5.1/lib/ruby/gems/2.5.0/gems/actionpack-5.0.7.2/lib/action_dispatch/middleware/templates/rescues/routing_error.html.erb within rescues/layout (339.0ms)
Started GET "/assets/images/AA_Times_Logo.png" for ::1 at 2020-12-10 16:44:58 -0500
  
ActionController::RoutingError (No route matches [GET] "/assets/images/AA_Times_Logo.png"):
  
actionpack (5.0.7.2) lib/action_dispatch/middleware/debug_exceptions.rb:53:in `call'
web-console (3.7.0) lib/web_console/middleware.rb:135:in `call_app'
web-console (3.7.0) lib/web_console/middleware.rb:30:in `block in call'
web-console (3.7.0) lib/web_console/middleware.rb:20:in `catch'
web-console (3.7.0) lib/web_console/middleware.rb:20:in `call'
actionpack (5.0.7.2) lib/action_dispatch/middleware/show_exceptions.rb:31:in `call'
railties (5.0.7.2) lib/rails/rack/logger.rb:36:in `call_app'
railties (5.0.7.2) lib/rails/rack/logger.rb:24:in `block in call'
activesupport (5.0.7.2) lib/active_support/tagged_logging.rb:69:in `block in tagged'
activesupport (5.0.7.2) lib/active_support/tagged_logging.rb:26:in `tagged'
activesupport (5.0.7.2) lib/active_support/tagged_logging.rb:69:in `tagged'
railties (5.0.7.2) lib/rails/rack/logger.rb:24:in `call'
actionpack (5.0.7.2) lib/action_dispatch/middleware/request_id.rb:24:in `call'
rack (2.2.3) lib/rack/method_override.rb:24:in `call'
rack (2.2.3) lib/rack/runtime.rb:22:in `call'
activesupport (5.0.7.2) lib/active_support/cache/strategy/local_cache_middleware.rb:28:in `call'
actionpack (5.0.7.2) lib/action_dispatch/middleware/executor.rb:12:in `call'
rack-livereload (0.3.17) lib/rack/livereload.rb:23:in `_call'
rack-livereload (0.3.17) lib/rack/livereload.rb:14:in `call'
actionpack (5.0.7.2) lib/action_dispatch/middleware/static.rb:136:in `call'
rack (2.2.3) lib/rack/sendfile.rb:110:in `call'
railties (5.0.7.2) lib/rails/engine.rb:522:in `call'
puma (3.12.6) lib/puma/configuration.rb:227:in `call'
puma (3.12.6) lib/puma/server.rb:706:in `handle_request'
puma (3.12.6) lib/puma/server.rb:476:in `process_client'
puma (3.12.6) lib/puma/server.rb:334:in `block in run'
puma (3.12.6) lib/puma/thread_pool.rb:135:in `block in spawn_thread'
  Rendering /home/srai/.rbenv/versions/2.5.1/lib/ruby/gems/2.5.0/gems/actionpack-5.0.7.2/lib/action_dispatch/middleware/templates/rescues/routing_error.html.erb within rescues/layout
  Rendering /home/srai/.rbenv/versions/2.5.1/lib/ruby/gems/2.5.0/gems/actionpack-5.0.7.2/lib/action_dispatch/middleware/templates/rescues/_trace.html.erb
  Rendered /home/srai/.rbenv/versions/2.5.1/lib/ruby/gems/2.5.0/gems/actionpack-5.0.7.2/lib/action_dispatch/middleware/templates/rescues/_trace.html.erb (6.5ms)
  Rendered collection of /home/srai/.rbenv/versions/2.5.1/lib/ruby/gems/2.5.0/gems/actionpack-5.0.7.2/lib/action_dispatch/middleware/templates/routes/_route.html.erb [1 times] (3.6ms)
  Rendered /home/srai/.rbenv/versions/2.5.1/lib/ruby/gems/2.5.0/gems/actionpack-5.0.7.2/lib/action_dispatch/middleware/templates/routes/_table.html.erb (3.4ms)
  Rendering /home/srai/.rbenv/versions/2.5.1/lib/ruby/gems/2.5.0/gems/actionpack-5.0.7.2/lib/action_dispatch/middleware/templates/rescues/_request_and_response.html.erb
  Rendered /home/srai/.rbenv/versions/2.5.1/lib/ruby/gems/2.5.0/gems/actionpack-5.0.7.2/lib/action_dispatch/middleware/templates/rescues/_request_and_response.html.erb (6.3ms)
  Rendered /home/srai/.rbenv/versions/2.5.1/lib/ruby/gems/2.5.0/gems/actionpack-5.0.7.2/lib/action_dispatch/middleware/templates/rescues/routing_error.html.erb within rescues/layout (457.4ms)
Started GET "/" for ::1 at 2020-12-10 16:45:29 -0500
Processing by StaticPagesController#index as HTML
  Rendering static_pages/index.html.erb within layouts/application
  Rendered shared/_main_nav.html.erb (5.7ms)
  Rendered shared/_masthead.html.erb (0.8ms)
  Rendered shared/_sections_nav.html.erb (2.2ms)
  Rendered shared/_search_modal.html.erb (0.9ms)
  Rendered shared/_main_content.html.erb (1.0ms)
  Rendered static_pages/index.html.erb within layouts/application (107.3ms)
Completed 200 OK in 208ms (Views: 200.1ms | ActiveRecord: 0.0ms)


Started GET "/assets/AA_Times_Logo.png" for ::1 at 2020-12-10 16:45:30 -0500
Started GET "/" for ::1 at 2020-12-10 16:46:12 -0500
Processing by StaticPagesController#index as HTML
  Rendering static_pages/index.html.erb within layouts/application
  Rendered shared/_main_nav.html.erb (1.2ms)
  Rendered shared/_masthead.html.erb (1.1ms)
  Rendered shared/_sections_nav.html.erb (0.8ms)
  Rendered shared/_search_modal.html.erb (0.7ms)
  Rendered shared/_main_content.html.erb (0.9ms)
  Rendered static_pages/index.html.erb within layouts/application (57.9ms)
Completed 200 OK in 168ms (Views: 159.2ms | ActiveRecord: 0.0ms)


Started GET "/assets/AA_Times_Logo.png" for ::1 at 2020-12-10 16:46:13 -0500
Started GET "/" for ::1 at 2020-12-10 16:46:19 -0500
Processing by StaticPagesController#index as HTML
  Rendering static_pages/index.html.erb within layouts/application
  Rendered shared/_main_nav.html.erb (0.9ms)
  Rendered shared/_masthead.html.erb (1.7ms)
  Rendered shared/_sections_nav.html.erb (1.0ms)
  Rendered shared/_search_modal.html.erb (0.7ms)
  Rendered shared/_main_content.html.erb (1.0ms)
  Rendered static_pages/index.html.erb within layouts/application (68.1ms)
Completed 200 OK in 171ms (Views: 160.8ms | ActiveRecord: 0.0ms)


Started GET "/assets/application.self-f537777fc5b4d781cd06f31eee5fee5827cdd52e44198d28a450da0198097103.css?body=1" for ::1 at 2020-12-10 16:46:19 -0500
Started GET "/assets/jquery_ujs.self-784a997f6726036b1993eb2217c9cb558e1cbb801c6da88105588c56f13b466a.js?body=1" for ::1 at 2020-12-10 16:46:19 -0500
Started GET "/assets/application.self-f571b9db02bf4ed04c38a6a29072ac382f7d4f47db1fab9817aeadb0d8665235.js?body=1" for ::1 at 2020-12-10 16:46:19 -0500
Started GET "/assets/components/modal.self-52188644dbb47def5ee35ae02e69eb567ca9b664472357a8a5789dd39032a265.js?body=1" for ::1 at 2020-12-10 16:46:19 -0500
Started GET "/assets/components/sidebar.self-2a1277f850a6fa21e1a974ef5152f177ac05516477d5081d593bb137b3d6808b.js?body=1" for ::1 at 2020-12-10 16:46:19 -0500
Started GET "/assets/jquery.self-bd7ddd393353a8d2480a622e80342adf488fb6006d667e8b42e4c0073393abee.js?body=1" for ::1 at 2020-12-10 16:46:19 -0500
Started GET "/assets/AA_Times_Logo.png" for ::1 at 2020-12-10 16:46:19 -0500
Started GET "/" for ::1 at 2020-12-10 16:46:41 -0500
Processing by StaticPagesController#index as HTML
  Rendering static_pages/index.html.erb within layouts/application
  Rendered shared/_main_nav.html.erb (1.1ms)
  Rendered shared/_masthead.html.erb (0.7ms)
  Rendered shared/_sections_nav.html.erb (1.1ms)
  Rendered shared/_search_modal.html.erb (0.6ms)
  Rendered shared/_main_content.html.erb (0.7ms)
  Rendered static_pages/index.html.erb within layouts/application (57.1ms)
Completed 200 OK in 648ms (Views: 641.2ms | ActiveRecord: 0.0ms)


Started GET "/assets/application.self-67008f9c638456f54125f40362f27e50fee3ee1ac0018241aa54f3cd02dad736.css?body=1" for ::1 at 2020-12-10 16:46:42 -0500
Started GET "/assets/AA_Times_Logo.png" for ::1 at 2020-12-10 16:46:42 -0500
Started GET "/" for ::1 at 2020-12-10 16:46:45 -0500
Processing by StaticPagesController#index as HTML
  Rendering static_pages/index.html.erb within layouts/application
  Rendered shared/_main_nav.html.erb (0.7ms)
  Rendered shared/_masthead.html.erb (1.1ms)
  Rendered shared/_sections_nav.html.erb (1.0ms)
  Rendered shared/_search_modal.html.erb (1.5ms)
  Rendered shared/_main_content.html.erb (0.7ms)
  Rendered static_pages/index.html.erb within layouts/application (66.3ms)
Completed 200 OK in 201ms (Views: 189.4ms | ActiveRecord: 0.0ms)


Started GET "/assets/AA_Times_Logo.png" for ::1 at 2020-12-10 16:46:45 -0500
Started GET "/" for ::1 at 2020-12-10 16:48:21 -0500
Processing by StaticPagesController#index as HTML
  Rendering static_pages/index.html.erb within layouts/application
  Rendered shared/_main_nav.html.erb (1.6ms)
  Rendered shared/_masthead.html.erb (1.6ms)
  Rendered shared/_sections_nav.html.erb (0.7ms)
  Rendered shared/_search_modal.html.erb (0.6ms)
  Rendered shared/_main_content.html.erb (0.8ms)
  Rendered static_pages/index.html.erb within layouts/application (86.2ms)
Completed 200 OK in 270ms (Views: 256.0ms | ActiveRecord: 0.0ms)


Started GET "/assets/AA_Times_Logo.png" for ::1 at 2020-12-10 16:48:22 -0500
Started GET "/" for ::1 at 2020-12-10 16:48:36 -0500
Processing by StaticPagesController#index as HTML
  Rendering static_pages/index.html.erb within layouts/application
  Rendered shared/_main_nav.html.erb (0.8ms)
  Rendered shared/_masthead.html.erb (1.4ms)
  Rendered shared/_sections_nav.html.erb (1.3ms)
  Rendered shared/_search_modal.html.erb (0.8ms)
  Rendered shared/_main_content.html.erb (1.5ms)
  Rendered static_pages/index.html.erb within layouts/application (63.2ms)
Completed 200 OK in 177ms (Views: 161.9ms | ActiveRecord: 0.0ms)


Started GET "/assets/AA_Times_Logo.png" for ::1 at 2020-12-10 16:48:36 -0500
Started GET "/" for ::1 at 2020-12-10 16:50:23 -0500
Processing by StaticPagesController#index as HTML
  Rendering static_pages/index.html.erb within layouts/application
  Rendered shared/_main_nav.html.erb (0.9ms)
  Rendered shared/_masthead.html.erb (2.2ms)
  Rendered shared/_sections_nav.html.erb (1.6ms)
  Rendered shared/_search_modal.html.erb (0.9ms)
  Rendered shared/_main_content.html.erb (0.9ms)
  Rendered static_pages/index.html.erb within layouts/application (67.2ms)
Completed 200 OK in 648ms (Views: 638.7ms | ActiveRecord: 0.0ms)


Started GET "/assets/application.self-16589755023f2e5b0664e8a80a649d91e9f4ce37ca3e9e3d1bca61ae37bb8ecc.css?body=1" for ::1 at 2020-12-10 16:50:24 -0500
Started GET "/assets/AA_Times_Logo.png" for ::1 at 2020-12-10 16:50:24 -0500
Started GET "/" for ::1 at 2020-12-10 16:52:01 -0500
Processing by StaticPagesController#index as HTML
  Rendering static_pages/index.html.erb within layouts/application
  Rendered shared/_main_nav.html.erb (1.0ms)
  Rendered shared/_masthead.html.erb (1.0ms)
  Rendered shared/_sections_nav.html.erb (1.3ms)
  Rendered shared/_search_modal.html.erb (0.9ms)
  Rendered shared/_main_content.html.erb (0.9ms)
  Rendered static_pages/index.html.erb within layouts/application (69.9ms)
Completed 200 OK in 176ms (Views: 166.3ms | ActiveRecord: 0.0ms)


Started GET "/assets/AA_Times_Logo.png" for ::1 at 2020-12-10 16:52:01 -0500
Started GET "/" for ::1 at 2020-12-10 16:54:11 -0500
Processing by StaticPagesController#index as HTML
  Rendering static_pages/index.html.erb within layouts/application
  Rendered shared/_main_nav.html.erb (1.0ms)
  Rendered shared/_masthead.html.erb (1.7ms)
  Rendered shared/_sections_nav.html.erb (1.1ms)
  Rendered shared/_search_modal.html.erb (0.8ms)
  Rendered shared/_main_content.html.erb (0.6ms)
  Rendered static_pages/index.html.erb within layouts/application (92.3ms)
Completed 200 OK in 188ms (Views: 181.2ms | ActiveRecord: 0.0ms)


Started GET "/assets/AA_Times_Logo.png" for ::1 at 2020-12-10 16:54:12 -0500
Started GET "/" for ::1 at 2020-12-10 16:54:59 -0500
Processing by StaticPagesController#index as HTML
  Rendering static_pages/index.html.erb within layouts/application
  Rendered shared/_main_nav.html.erb (1.2ms)
  Rendered shared/_masthead.html.erb (1.1ms)
  Rendered shared/_sections_nav.html.erb (0.7ms)
  Rendered shared/_search_modal.html.erb (0.6ms)
  Rendered shared/_main_content.html.erb (1.1ms)
  Rendered static_pages/index.html.erb within layouts/application (82.7ms)
Completed 200 OK in 208ms (Views: 195.8ms | ActiveRecord: 0.0ms)


Started GET "/assets/AA_Times_Logo.png" for ::1 at 2020-12-10 16:55:00 -0500
Started GET "/" for ::1 at 2020-12-10 16:56:38 -0500
Processing by StaticPagesController#index as HTML
  Rendering static_pages/index.html.erb within layouts/application
  Rendered shared/_main_nav.html.erb (1.2ms)
  Rendered shared/_masthead.html.erb (1.6ms)
  Rendered shared/_sections_nav.html.erb (1.0ms)
  Rendered shared/_search_modal.html.erb (0.9ms)
  Rendered shared/_main_content.html.erb (0.9ms)
  Rendered static_pages/index.html.erb within layouts/application (75.7ms)
Completed 200 OK in 201ms (Views: 193.2ms | ActiveRecord: 0.0ms)


Started GET "/assets/AA_Times_Logo.png" for ::1 at 2020-12-10 16:56:39 -0500
Started GET "/" for ::1 at 2020-12-10 16:57:21 -0500
Processing by StaticPagesController#index as HTML
  Rendering static_pages/index.html.erb within layouts/application
  Rendered shared/_main_nav.html.erb (1.3ms)
  Rendered shared/_masthead.html.erb (0.8ms)
  Rendered shared/_sections_nav.html.erb (0.6ms)
  Rendered shared/_search_modal.html.erb (1.3ms)
  Rendered shared/_main_content.html.erb (1.1ms)
  Rendered static_pages/index.html.erb within layouts/application (63.5ms)
Completed 200 OK in 631ms (Views: 621.7ms | ActiveRecord: 0.0ms)


Started GET "/assets/application.self-ab97cc557ca5271b2787d1e325aa1b562f739a342c27eb39c28a1a428119f33f.css?body=1" for ::1 at 2020-12-10 16:57:22 -0500
Started GET "/assets/AA_Times_Logo.png" for ::1 at 2020-12-10 16:57:22 -0500
Started GET "/" for ::1 at 2020-12-10 16:58:21 -0500
Processing by StaticPagesController#index as HTML
  Rendering static_pages/index.html.erb within layouts/application
  Rendered shared/_main_nav.html.erb (0.9ms)
  Rendered shared/_masthead.html.erb (1.3ms)
  Rendered shared/_sections_nav.html.erb (2.9ms)
  Rendered shared/_search_modal.html.erb (1.2ms)
  Rendered shared/_main_content.html.erb (0.9ms)
  Rendered static_pages/index.html.erb within layouts/application (65.4ms)
Completed 200 OK in 178ms (Views: 167.5ms | ActiveRecord: 0.0ms)


Started GET "/assets/AA_Times_Logo.png" for ::1 at 2020-12-10 16:58:21 -0500
Started GET "/" for ::1 at 2020-12-10 16:59:17 -0500
Processing by StaticPagesController#index as HTML
  Rendering static_pages/index.html.erb within layouts/application
  Rendered shared/_main_nav.html.erb (1.3ms)
  Rendered shared/_masthead.html.erb (2.3ms)
  Rendered shared/_sections_nav.html.erb (1.2ms)
  Rendered shared/_search_modal.html.erb (1.0ms)
  Rendered shared/_main_content.html.erb (1.1ms)
  Rendered static_pages/index.html.erb within layouts/application (67.3ms)
Completed 200 OK in 212ms (Views: 195.6ms | ActiveRecord: 0.0ms)


Started GET "/assets/AA_Times_Logo.png" for ::1 at 2020-12-10 16:59:18 -0500
Started GET "/" for ::1 at 2020-12-10 17:05:53 -0500
Processing by StaticPagesController#index as HTML
  Rendering static_pages/index.html.erb within layouts/application
  Rendered shared/_main_nav.html.erb (1.0ms)
  Rendered shared/_masthead.html.erb (0.9ms)
  Rendered shared/_sections_nav.html.erb (1.4ms)
  Rendered shared/_search_modal.html.erb (1.1ms)
  Rendered shared/_main_content.html.erb (0.6ms)
  Rendered static_pages/index.html.erb within layouts/application (93.2ms)
Completed 200 OK in 200ms (Views: 189.8ms | ActiveRecord: 0.0ms)


Started GET "/assets/AA_Times_Logo.png" for ::1 at 2020-12-10 17:05:54 -0500
Started GET "/" for ::1 at 2020-12-10 17:06:04 -0500
Processing by StaticPagesController#index as HTML
  Rendering static_pages/index.html.erb within layouts/application
  Rendered shared/_main_nav.html.erb (1.9ms)
  Rendered shared/_masthead.html.erb (1.1ms)
  Rendered shared/_sections_nav.html.erb (1.1ms)
  Rendered shared/_search_modal.html.erb (1.7ms)
  Rendered shared/_main_content.html.erb (0.6ms)
  Rendered static_pages/index.html.erb within layouts/application (104.1ms)
Completed 200 OK in 244ms (Views: 236.0ms | ActiveRecord: 0.0ms)


Started GET "/assets/AA_Times_Logo.png" for ::1 at 2020-12-10 17:06:04 -0500
Started GET "/" for ::1 at 2020-12-10 17:06:06 -0500
Processing by StaticPagesController#index as HTML
  Rendering static_pages/index.html.erb within layouts/application
  Rendered shared/_main_nav.html.erb (1.1ms)
  Rendered shared/_masthead.html.erb (1.1ms)
  Rendered shared/_sections_nav.html.erb (1.3ms)
  Rendered shared/_search_modal.html.erb (0.8ms)
  Rendered shared/_main_content.html.erb (0.8ms)
  Rendered static_pages/index.html.erb within layouts/application (52.9ms)
Completed 200 OK in 163ms (Views: 152.7ms | ActiveRecord: 0.0ms)


Started GET "/" for ::1 at 2020-12-10 17:06:06 -0500
Processing by StaticPagesController#index as HTML
  Rendering static_pages/index.html.erb within layouts/application
  Rendered shared/_main_nav.html.erb (0.9ms)
  Rendered shared/_masthead.html.erb (1.3ms)
  Rendered shared/_sections_nav.html.erb (0.7ms)
  Rendered shared/_search_modal.html.erb (0.7ms)
  Rendered shared/_main_content.html.erb (1.7ms)
  Rendered static_pages/index.html.erb within layouts/application (56.3ms)
Completed 200 OK in 176ms (Views: 165.5ms | ActiveRecord: 0.0ms)


Started GET "/assets/AA_Times_Logo.png" for ::1 at 2020-12-10 17:06:06 -0500
Started GET "/" for ::1 at 2020-12-10 17:07:39 -0500
Processing by StaticPagesController#index as HTML
  Rendering static_pages/index.html.erb within layouts/application
  Rendered shared/_main_nav.html.erb (0.8ms)
  Rendered shared/_masthead.html.erb (0.8ms)
  Rendered shared/_sections_nav.html.erb (1.5ms)
  Rendered shared/_search_modal.html.erb (0.6ms)
  Rendered shared/_main_content.html.erb (0.6ms)
  Rendered static_pages/index.html.erb within layouts/application (47.6ms)
Completed 200 OK in 533ms (Views: 514.4ms | ActiveRecord: 0.0ms)


Started GET "/assets/application.self-845c106263a72b2d43694ed195fde3013690ba3e31a9cb9e22766abc6b55b293.css?body=1" for ::1 at 2020-12-10 17:07:40 -0500
Started GET "/assets/AA_Times_Logo.png" for ::1 at 2020-12-10 17:07:40 -0500
Started GET "/" for ::1 at 2020-12-10 17:08:15 -0500
Processing by StaticPagesController#index as HTML
  Rendering static_pages/index.html.erb within layouts/application
  Rendered shared/_main_nav.html.erb (1.1ms)
  Rendered shared/_masthead.html.erb (0.9ms)
  Rendered shared/_sections_nav.html.erb (0.6ms)
  Rendered shared/_search_modal.html.erb (0.6ms)
  Rendered shared/_main_content.html.erb (1.1ms)
  Rendered static_pages/index.html.erb within layouts/application (51.0ms)
Completed 200 OK in 490ms (Views: 475.8ms | ActiveRecord: 0.0ms)


Started GET "/assets/application.self-e2918c6aa637c30b74de0d56f9a05f7b0ad63bad5c30149f91cd4ecd2ea0a010.css?body=1" for ::1 at 2020-12-10 17:08:16 -0500
Started GET "/assets/AA_Times_Logo.png" for ::1 at 2020-12-10 17:08:16 -0500
Started GET "/" for ::1 at 2020-12-10 17:08:19 -0500
Processing by StaticPagesController#index as HTML
  Rendering static_pages/index.html.erb within layouts/application
  Rendered shared/_main_nav.html.erb (0.9ms)
  Rendered shared/_masthead.html.erb (1.4ms)
  Rendered shared/_sections_nav.html.erb (0.8ms)
  Rendered shared/_search_modal.html.erb (0.7ms)
  Rendered shared/_main_content.html.erb (1.4ms)
  Rendered static_pages/index.html.erb within layouts/application (51.8ms)
Completed 200 OK in 143ms (Views: 136.8ms | ActiveRecord: 0.0ms)


Started GET "/assets/AA_Times_Logo.png" for ::1 at 2020-12-10 17:08:19 -0500
Started GET "/" for ::1 at 2020-12-10 17:08:24 -0500
Processing by StaticPagesController#index as HTML
  Rendering static_pages/index.html.erb within layouts/application
  Rendered shared/_main_nav.html.erb (1.2ms)
  Rendered shared/_masthead.html.erb (0.8ms)
  Rendered shared/_sections_nav.html.erb (1.4ms)
  Rendered shared/_search_modal.html.erb (0.6ms)
  Rendered shared/_main_content.html.erb (0.6ms)
  Rendered static_pages/index.html.erb within layouts/application (47.2ms)
Completed 200 OK in 553ms (Views: 547.2ms | ActiveRecord: 0.0ms)


Started GET "/assets/application.self-95b0b09bdd291370d42bd876f8a4a83b375283305369c85dd9375aca7472b49c.css?body=1" for ::1 at 2020-12-10 17:08:24 -0500
Started GET "/assets/AA_Times_Logo.png" for ::1 at 2020-12-10 17:08:25 -0500
Started GET "/" for ::1 at 2020-12-10 17:08:45 -0500
Processing by StaticPagesController#index as HTML
  Rendering static_pages/index.html.erb within layouts/application
  Rendered shared/_main_nav.html.erb (0.8ms)
  Rendered shared/_masthead.html.erb (4.7ms)
  Rendered shared/_sections_nav.html.erb (0.9ms)
  Rendered shared/_search_modal.html.erb (1.0ms)
  Rendered shared/_main_content.html.erb (1.3ms)
  Rendered static_pages/index.html.erb within layouts/application (50.4ms)
Completed 200 OK in 451ms (Views: 443.9ms | ActiveRecord: 0.0ms)


Started GET "/assets/application.self-eff5a2b4bc72dcec7de85e020dd451118181911c7f51820fd56e03c168e0b00a.css?body=1" for ::1 at 2020-12-10 17:08:46 -0500
Started GET "/assets/AA_Times_Logo.png" for ::1 at 2020-12-10 17:08:46 -0500
Started GET "/" for ::1 at 2020-12-10 17:09:14 -0500
Processing by StaticPagesController#index as HTML
  Rendering static_pages/index.html.erb within layouts/application
  Rendered shared/_main_nav.html.erb (1.0ms)
  Rendered shared/_masthead.html.erb (0.8ms)
  Rendered shared/_sections_nav.html.erb (0.6ms)
  Rendered shared/_search_modal.html.erb (0.9ms)
  Rendered shared/_main_content.html.erb (0.6ms)
  Rendered static_pages/index.html.erb within layouts/application (44.7ms)
Completed 200 OK in 476ms (Views: 467.4ms | ActiveRecord: 0.0ms)


Started GET "/assets/application.self-2e0464183e15f7f479b1a1cad97c67f4b33325693479a08c0ce7f49c0c7c8134.css?body=1" for ::1 at 2020-12-10 17:09:15 -0500
Started GET "/assets/AA_Times_Logo.png" for ::1 at 2020-12-10 17:09:15 -0500
Started GET "/" for ::1 at 2020-12-10 17:11:46 -0500
Processing by StaticPagesController#index as HTML
  Rendering static_pages/index.html.erb within layouts/application
  Rendered shared/_main_nav.html.erb (0.7ms)
  Rendered shared/_masthead.html.erb (1.2ms)
  Rendered shared/_sections_nav.html.erb (1.3ms)
  Rendered shared/_search_modal.html.erb (1.1ms)
  Rendered shared/_main_content.html.erb (0.8ms)
  Rendered static_pages/index.html.erb within layouts/application (64.1ms)
Completed 500 Internal Server Error in 337ms (ActiveRecord: 0.0ms)



Sass::SyntaxError - Undefined variable: "$lightgrey".:
  app/views/layouts/application.html.erb:7:in `_app_views_layouts_application_html_erb___1956310439044810784_70100147021540'

Started POST "/__better_errors/def9479fa2189dfb/variables" for ::1 at 2020-12-10 17:11:48 -0500
Started GET "/" for ::1 at 2020-12-10 17:12:06 -0500
Processing by StaticPagesController#index as HTML
  Rendering static_pages/index.html.erb within layouts/application
  Rendered shared/_main_nav.html.erb (1.0ms)
  Rendered shared/_masthead.html.erb (1.3ms)
  Rendered shared/_sections_nav.html.erb (0.7ms)
  Rendered shared/_search_modal.html.erb (1.6ms)
  Rendered shared/_main_content.html.erb (1.1ms)
  Rendered static_pages/index.html.erb within layouts/application (88.8ms)
Completed 200 OK in 594ms (Views: 583.7ms | ActiveRecord: 0.0ms)


Started GET "/assets/application.self-550347ab8bdfba88206eaa1607d2572a66bbf66e5e131d889ff4aba5244ce85e.css?body=1" for ::1 at 2020-12-10 17:12:07 -0500
Started GET "/assets/AA_Times_Logo.png" for ::1 at 2020-12-10 17:12:07 -0500
Started GET "/" for ::1 at 2020-12-10 17:12:35 -0500
Processing by StaticPagesController#index as HTML
  Rendering static_pages/index.html.erb within layouts/application
  Rendered shared/_main_nav.html.erb (0.6ms)
  Rendered shared/_masthead.html.erb (1.1ms)
  Rendered shared/_sections_nav.html.erb (1.7ms)
  Rendered shared/_search_modal.html.erb (0.8ms)
  Rendered shared/_main_content.html.erb (0.7ms)
  Rendered static_pages/index.html.erb within layouts/application (48.4ms)
Completed 200 OK in 526ms (Views: 519.0ms | ActiveRecord: 0.0ms)


Started GET "/assets/application.self-d8bd5ab7d02c8495d25fa355e865427371f4cb04e2e297f2da7a185fa647397f.css?body=1" for ::1 at 2020-12-10 17:12:35 -0500
Started GET "/assets/AA_Times_Logo.png" for ::1 at 2020-12-10 17:12:36 -0500
Started GET "/" for ::1 at 2020-12-10 17:13:55 -0500
Processing by StaticPagesController#index as HTML
  Rendering static_pages/index.html.erb within layouts/application
  Rendered shared/_main_nav.html.erb (1.1ms)
  Rendered shared/_masthead.html.erb (2.0ms)
  Rendered shared/_sections_nav.html.erb (0.8ms)
  Rendered shared/_search_modal.html.erb (1.8ms)
  Rendered shared/_main_content.html.erb (0.7ms)
  Rendered static_pages/index.html.erb within layouts/application (56.6ms)
Completed 200 OK in 625ms (Views: 611.8ms | ActiveRecord: 0.0ms)


Started GET "/assets/application.self-867c2927cefb4b5cdb7212e6cfc5f4fbe68d58dee1e07ead3d9cd588ed6e40f6.css?body=1" for ::1 at 2020-12-10 17:13:56 -0500
Started GET "/assets/AA_Times_Logo.png" for ::1 at 2020-12-10 17:13:56 -0500
Started GET "/" for ::1 at 2020-12-10 17:14:38 -0500
Processing by StaticPagesController#index as HTML
  Rendering static_pages/index.html.erb within layouts/application
  Rendered shared/_main_nav.html.erb (1.3ms)
  Rendered shared/_masthead.html.erb (0.8ms)
  Rendered shared/_sections_nav.html.erb (1.3ms)
  Rendered shared/_search_modal.html.erb (0.8ms)
  Rendered shared/_main_content.html.erb (0.6ms)
  Rendered static_pages/index.html.erb within layouts/application (58.7ms)
Completed 200 OK in 522ms (Views: 512.7ms | ActiveRecord: 0.0ms)


Started GET "/assets/application.self-89e331a011a83ca79e2e4e0e70d11aeace574fbabdd17b25a82e4d0d1ecc1fed.css?body=1" for ::1 at 2020-12-10 17:14:39 -0500
Started GET "/assets/AA_Times_Logo.png" for ::1 at 2020-12-10 17:14:39 -0500
Started GET "/" for ::1 at 2020-12-10 17:17:39 -0500
Processing by StaticPagesController#index as HTML
  Rendering static_pages/index.html.erb within layouts/application
  Rendered shared/_main_nav.html.erb (0.7ms)
  Rendered shared/_masthead.html.erb (1.1ms)
  Rendered shared/_sections_nav.html.erb (1.4ms)
  Rendered shared/_search_modal.html.erb (1.6ms)
  Rendered shared/_main_content.html.erb (1.4ms)
  Rendered static_pages/index.html.erb within layouts/application (60.4ms)
Completed 200 OK in 788ms (Views: 778.2ms | ActiveRecord: 0.0ms)


Started GET "/assets/application.self-a8d4b8b04eab225ca9332e45900220db5a7e44153b403262547c14bef78bb6cb.css?body=1" for ::1 at 2020-12-10 17:17:40 -0500
Started GET "/assets/AA_Times_Logo.png" for ::1 at 2020-12-10 17:17:40 -0500
Started GET "/" for ::1 at 2020-12-10 17:18:01 -0500
Processing by StaticPagesController#index as HTML
  Rendering static_pages/index.html.erb within layouts/application
  Rendered shared/_main_nav.html.erb (1.7ms)
  Rendered shared/_masthead.html.erb (0.8ms)
  Rendered shared/_sections_nav.html.erb (0.8ms)
  Rendered shared/_search_modal.html.erb (0.6ms)
  Rendered shared/_main_content.html.erb (0.6ms)
  Rendered static_pages/index.html.erb within layouts/application (55.8ms)
Completed 200 OK in 566ms (Views: 559.8ms | ActiveRecord: 0.0ms)


Started GET "/assets/application.self-e5b18d10c144c846f4aa2f8d98851460f489fabeb31d044ad88828bb0f5f3546.css?body=1" for ::1 at 2020-12-10 17:18:01 -0500
Started GET "/assets/AA_Times_Logo.png" for ::1 at 2020-12-10 17:18:02 -0500
Started GET "/" for ::1 at 2020-12-10 17:23:03 -0500
Processing by StaticPagesController#index as HTML
  Rendering static_pages/index.html.erb within layouts/application
  Rendered shared/_main_nav.html.erb (1.2ms)
  Rendered shared/_masthead.html.erb (0.8ms)
  Rendered shared/_sections_nav.html.erb (2.8ms)
  Rendered shared/_search_modal.html.erb (1.0ms)
  Rendered shared/_main_content.html.erb (1.2ms)
  Rendered static_pages/index.html.erb within layouts/application (97.9ms)
Completed 200 OK in 252ms (Views: 239.8ms | ActiveRecord: 0.0ms)


Started GET "/assets/AA_Times_Logo.png" for ::1 at 2020-12-10 17:23:04 -0500
Started GET "/" for ::1 at 2020-12-10 17:27:28 -0500
Processing by StaticPagesController#index as HTML
  Rendering static_pages/index.html.erb within layouts/application
  Rendered shared/_gear_dropdown.html.erb (1.6ms)
  Rendered shared/_main_nav.html.erb (14.7ms)
  Rendered shared/_masthead.html.erb (0.8ms)
  Rendered shared/_sections_nav.html.erb (0.8ms)
  Rendered shared/_search_modal.html.erb (1.1ms)
  Rendered shared/_main_content.html.erb (0.9ms)
  Rendered static_pages/index.html.erb within layouts/application (108.0ms)
Completed 200 OK in 674ms (Views: 665.6ms | ActiveRecord: 0.0ms)


Started GET "/assets/AA_Times_Logo.png" for ::1 at 2020-12-10 17:27:29 -0500
Started GET "/" for ::1 at 2020-12-10 17:28:02 -0500
Processing by StaticPagesController#index as HTML
  Rendering static_pages/index.html.erb within layouts/application
  Rendered shared/_gear_dropdown.html.erb (0.6ms)
  Rendered shared/_main_nav.html.erb (9.2ms)
  Rendered shared/_masthead.html.erb (0.7ms)
  Rendered shared/_sections_nav.html.erb (1.1ms)
  Rendered shared/_search_modal.html.erb (1.4ms)
  Rendered shared/_main_content.html.erb (1.1ms)
  Rendered static_pages/index.html.erb within layouts/application (70.6ms)
Completed 200 OK in 583ms (Views: 572.7ms | ActiveRecord: 0.0ms)


Started GET "/assets/application.self-38fe68217c8525f93d727abe4383b94982cd8db31dcb8db682d7e9a3354593fc.css?body=1" for ::1 at 2020-12-10 17:28:03 -0500
Started GET "/assets/AA_Times_Logo.png" for ::1 at 2020-12-10 17:28:03 -0500
Started GET "/" for ::1 at 2020-12-10 17:28:37 -0500
Processing by StaticPagesController#index as HTML
  Rendering static_pages/index.html.erb within layouts/application
  Rendered shared/_gear_dropdown.html.erb (1.2ms)
  Rendered shared/_main_nav.html.erb (17.3ms)
  Rendered shared/_masthead.html.erb (0.9ms)
  Rendered shared/_sections_nav.html.erb (1.1ms)
  Rendered shared/_search_modal.html.erb (1.5ms)
  Rendered shared/_main_content.html.erb (0.8ms)
  Rendered static_pages/index.html.erb within layouts/application (85.8ms)
Completed 200 OK in 583ms (Views: 571.8ms | ActiveRecord: 0.0ms)


Started GET "/assets/application.self-a601a9c364922a9c998ef1f4728768175e16ea731a745c4354a4d4fd1a381552.css?body=1" for ::1 at 2020-12-10 17:28:37 -0500
Started GET "/assets/AA_Times_Logo.png" for ::1 at 2020-12-10 17:28:38 -0500
Started GET "/" for ::1 at 2020-12-10 17:28:49 -0500
Processing by StaticPagesController#index as HTML
  Rendering static_pages/index.html.erb within layouts/application
  Rendered shared/_gear_dropdown.html.erb (2.6ms)
  Rendered shared/_main_nav.html.erb (16.3ms)
  Rendered shared/_masthead.html.erb (2.1ms)
  Rendered shared/_sections_nav.html.erb (2.3ms)
  Rendered shared/_search_modal.html.erb (0.6ms)
  Rendered shared/_main_content.html.erb (2.1ms)
  Rendered static_pages/index.html.erb within layouts/application (91.8ms)
Completed 200 OK in 639ms (Views: 631.8ms | ActiveRecord: 0.0ms)


Started GET "/assets/application.self-3b70d67faf4c9891af2bb200743eaa76574bab7a7251b5379faf18df0cd48dee.css?body=1" for ::1 at 2020-12-10 17:28:50 -0500
Started GET "/assets/AA_Times_Logo.png" for ::1 at 2020-12-10 17:28:50 -0500
Started GET "/" for ::1 at 2020-12-10 17:29:24 -0500
Processing by StaticPagesController#index as HTML
  Rendering static_pages/index.html.erb within layouts/application
  Rendered shared/_gear_dropdown.html.erb (0.9ms)
  Rendered shared/_main_nav.html.erb (13.5ms)
  Rendered shared/_masthead.html.erb (1.1ms)
  Rendered shared/_sections_nav.html.erb (1.3ms)
  Rendered shared/_search_modal.html.erb (0.7ms)
  Rendered shared/_main_content.html.erb (0.9ms)
  Rendered static_pages/index.html.erb within layouts/application (81.5ms)
Completed 200 OK in 573ms (Views: 563.2ms | ActiveRecord: 0.0ms)


Started GET "/assets/application.self-754db8ef46164675872e33fd7c73f89545204bd6590cdb7977006cad6cc051a8.css?body=1" for ::1 at 2020-12-10 17:29:24 -0500
Started GET "/assets/AA_Times_Logo.png" for ::1 at 2020-12-10 17:29:25 -0500
Started GET "/" for ::1 at 2020-12-10 17:29:45 -0500
Processing by StaticPagesController#index as HTML
  Rendering static_pages/index.html.erb within layouts/application
  Rendered shared/_gear_dropdown.html.erb (1.7ms)
  Rendered shared/_main_nav.html.erb (11.8ms)
  Rendered shared/_masthead.html.erb (0.7ms)
  Rendered shared/_sections_nav.html.erb (1.9ms)
  Rendered shared/_search_modal.html.erb (1.4ms)
  Rendered shared/_main_content.html.erb (1.2ms)
  Rendered static_pages/index.html.erb within layouts/application (74.3ms)
Completed 200 OK in 652ms (Views: 624.2ms | ActiveRecord: 0.0ms)


Started GET "/assets/application.self-a40861589e665592fc8a4f43e239b53f8b2b0a004953b511c184a7d9d88926dc.css?body=1" for ::1 at 2020-12-10 17:29:46 -0500
Started GET "/assets/AA_Times_Logo.png" for ::1 at 2020-12-10 17:29:46 -0500
Started GET "/" for ::1 at 2020-12-10 17:30:47 -0500
Processing by StaticPagesController#index as HTML
  Rendering static_pages/index.html.erb within layouts/application
  Rendered shared/_gear_dropdown.html.erb (0.7ms)
  Rendered shared/_main_nav.html.erb (11.9ms)
  Rendered shared/_masthead.html.erb (1.1ms)
  Rendered shared/_sections_nav.html.erb (0.9ms)
  Rendered shared/_search_modal.html.erb (1.1ms)
  Rendered shared/_main_content.html.erb (1.1ms)
  Rendered static_pages/index.html.erb within layouts/application (84.4ms)
Completed 200 OK in 676ms (Views: 666.5ms | ActiveRecord: 0.0ms)


Started GET "/assets/application.self-cf31841c139c9cfc091fa93c33677dfac9081bbb21c82a288b6136741464bdf6.css?body=1" for ::1 at 2020-12-10 17:30:48 -0500
Started GET "/assets/AA_Times_Logo.png" for ::1 at 2020-12-10 17:30:48 -0500
Started GET "/" for ::1 at 2020-12-10 17:32:18 -0500
Processing by StaticPagesController#index as HTML
  Rendering static_pages/index.html.erb within layouts/application
  Rendered shared/_gear_dropdown.html.erb (2.2ms)
  Rendered shared/_main_nav.html.erb (20.6ms)
  Rendered shared/_masthead.html.erb (1.9ms)
  Rendered shared/_sections_nav.html.erb (1.5ms)
  Rendered shared/_search_modal.html.erb (0.8ms)
  Rendered shared/_main_content.html.erb (0.9ms)
  Rendered static_pages/index.html.erb within layouts/application (95.4ms)
Completed 200 OK in 599ms (Views: 589.7ms | ActiveRecord: 0.0ms)


Started GET "/assets/application.self-1552d599ae9ca369cf7af0307038bc79f9ab2543dc6c6a1760e53b7946125359.css?body=1" for ::1 at 2020-12-10 17:32:18 -0500
Started GET "/assets/AA_Times_Logo.png" for ::1 at 2020-12-10 17:32:19 -0500
Started GET "/" for ::1 at 2020-12-10 17:33:13 -0500
Processing by StaticPagesController#index as HTML
  Rendering static_pages/index.html.erb within layouts/application
  Rendered shared/_gear_dropdown.html.erb (2.4ms)
  Rendered shared/_main_nav.html.erb (21.7ms)
  Rendered shared/_masthead.html.erb (0.8ms)
  Rendered shared/_sections_nav.html.erb (1.4ms)
  Rendered shared/_search_modal.html.erb (1.3ms)
  Rendered shared/_main_content.html.erb (0.9ms)
  Rendered static_pages/index.html.erb within layouts/application (120.6ms)
Completed 200 OK in 315ms (Views: 305.4ms | ActiveRecord: 0.0ms)


Started GET "/assets/AA_Times_Logo.png" for ::1 at 2020-12-10 17:33:14 -0500
Started GET "/" for ::1 at 2020-12-10 17:34:45 -0500
Processing by StaticPagesController#index as HTML
  Rendering static_pages/index.html.erb within layouts/application
  Rendered shared/_gear_dropdown.html.erb (0.7ms)
  Rendered shared/_main_nav.html.erb (10.7ms)
  Rendered shared/_masthead.html.erb (0.9ms)
  Rendered shared/_sections_nav.html.erb (3.0ms)
  Rendered shared/_search_modal.html.erb (0.6ms)
  Rendered shared/_main_content.html.erb (1.0ms)
  Rendered static_pages/index.html.erb within layouts/application (61.9ms)
Completed 200 OK in 540ms (Views: 530.2ms | ActiveRecord: 0.0ms)


Started GET "/assets/application.self-bde7a4d8e296f4ee15749501815541adbcbc0455345a1d2ea4ffa5c526ed5e0a.css?body=1" for ::1 at 2020-12-10 17:34:46 -0500
Started GET "/assets/AA_Times_Logo.png" for ::1 at 2020-12-10 17:34:46 -0500
Started GET "/" for ::1 at 2020-12-10 17:35:48 -0500
Processing by StaticPagesController#index as HTML
  Rendering static_pages/index.html.erb within layouts/application
  Rendered shared/_gear_dropdown.html.erb (1.5ms)
  Rendered shared/_main_nav.html.erb (15.0ms)
  Rendered shared/_masthead.html.erb (1.4ms)
  Rendered shared/_sections_nav.html.erb (2.0ms)
  Rendered shared/_search_modal.html.erb (0.9ms)
  Rendered shared/_main_content.html.erb (1.4ms)
  Rendered static_pages/index.html.erb within layouts/application (87.3ms)
Completed 200 OK in 713ms (Views: 704.4ms | ActiveRecord: 0.0ms)


Started GET "/assets/application.self-d488fcd79d1da7d02f550f254f6be584b70c17386d46de5750ec6b4fdfe0294f.css?body=1" for ::1 at 2020-12-10 17:35:49 -0500
Started GET "/assets/AA_Times_Logo.png" for ::1 at 2020-12-10 17:35:49 -0500
Started GET "/" for ::1 at 2020-12-10 17:36:21 -0500
Processing by StaticPagesController#index as HTML
  Rendering static_pages/index.html.erb within layouts/application
  Rendered shared/_gear_dropdown.html.erb (0.7ms)
  Rendered shared/_main_nav.html.erb (7.7ms)
  Rendered shared/_masthead.html.erb (0.8ms)
  Rendered shared/_sections_nav.html.erb (1.5ms)
  Rendered shared/_search_modal.html.erb (0.7ms)
  Rendered shared/_main_content.html.erb (0.9ms)
  Rendered static_pages/index.html.erb within layouts/application (58.0ms)
Completed 200 OK in 576ms (Views: 567.3ms | ActiveRecord: 0.0ms)


Started GET "/assets/application.self-65c291fabe6e98c92ebca8f7dbcfa9464873623a85a12a4e36f196ccbe543d50.css?body=1" for ::1 at 2020-12-10 17:36:22 -0500
Started GET "/assets/AA_Times_Logo.png" for ::1 at 2020-12-10 17:36:22 -0500
Started GET "/" for ::1 at 2020-12-10 17:36:57 -0500
Processing by StaticPagesController#index as HTML
  Rendering static_pages/index.html.erb within layouts/application
  Rendered shared/_gear_dropdown.html.erb (1.7ms)
  Rendered shared/_main_nav.html.erb (12.0ms)
  Rendered shared/_masthead.html.erb (0.8ms)
  Rendered shared/_sections_nav.html.erb (1.6ms)
  Rendered shared/_search_modal.html.erb (1.0ms)
  Rendered shared/_main_content.html.erb (0.7ms)
  Rendered static_pages/index.html.erb within layouts/application (81.1ms)
Completed 200 OK in 255ms (Views: 225.6ms | ActiveRecord: 0.0ms)


Started GET "/assets/AA_Times_Logo.png" for ::1 at 2020-12-10 17:36:58 -0500
Started GET "/" for ::1 at 2020-12-10 17:37:56 -0500
Processing by StaticPagesController#index as HTML
  Rendering static_pages/index.html.erb within layouts/application
  Rendered shared/_gear_dropdown.html.erb (0.8ms)
  Rendered shared/_main_nav.html.erb (9.2ms)
  Rendered shared/_masthead.html.erb (0.8ms)
  Rendered shared/_sections_nav.html.erb (2.0ms)
  Rendered shared/_search_modal.html.erb (1.9ms)
  Rendered shared/_main_content.html.erb (1.3ms)
  Rendered static_pages/index.html.erb within layouts/application (70.2ms)
Completed 200 OK in 710ms (Views: 691.6ms | ActiveRecord: 0.0ms)


Started GET "/assets/application.self-d891c261ce5797b6f082daca873a8c8eb8a262e3b89a5a0589b97931a6916b23.css?body=1" for ::1 at 2020-12-10 17:37:57 -0500
Started GET "/assets/AA_Times_Logo.png" for ::1 at 2020-12-10 17:37:57 -0500
Started GET "/" for ::1 at 2020-12-10 17:38:29 -0500
Processing by StaticPagesController#index as HTML
  Rendering static_pages/index.html.erb within layouts/application
  Rendered shared/_gear_dropdown.html.erb (0.8ms)
  Rendered shared/_main_nav.html.erb (14.2ms)
  Rendered shared/_masthead.html.erb (0.8ms)
  Rendered shared/_sections_nav.html.erb (1.1ms)
  Rendered shared/_search_modal.html.erb (0.8ms)
  Rendered shared/_main_content.html.erb (0.8ms)
  Rendered static_pages/index.html.erb within layouts/application (88.2ms)
Completed 200 OK in 811ms (Views: 795.9ms | ActiveRecord: 0.0ms)


Started GET "/assets/application.self-4b832f108a9135d00314d60f1be9a6a9ade397276ba5af527d84369012325b17.css?body=1" for ::1 at 2020-12-10 17:38:30 -0500
Started GET "/assets/AA_Times_Logo.png" for ::1 at 2020-12-10 17:38:30 -0500
Started GET "/" for ::1 at 2020-12-10 17:39:16 -0500
Processing by StaticPagesController#index as HTML
  Rendering static_pages/index.html.erb within layouts/application
  Rendered shared/_gear_dropdown.html.erb (1.0ms)
  Rendered shared/_main_nav.html.erb (16.2ms)
  Rendered shared/_masthead.html.erb (2.2ms)
  Rendered shared/_sections_nav.html.erb (1.5ms)
  Rendered shared/_search_modal.html.erb (0.9ms)
  Rendered shared/_main_content.html.erb (1.0ms)
  Rendered static_pages/index.html.erb within layouts/application (115.0ms)
Completed 200 OK in 744ms (Views: 723.4ms | ActiveRecord: 0.0ms)


Started GET "/assets/application.self-a58978b640804d12f1ba46b86047adb2729a4eeebb837fc2c36ad4f5c1326322.css?body=1" for ::1 at 2020-12-10 17:39:17 -0500
Started GET "/assets/AA_Times_Logo.png" for ::1 at 2020-12-10 17:39:17 -0500
Started GET "/" for ::1 at 2020-12-10 17:39:53 -0500
Processing by StaticPagesController#index as HTML
  Rendering static_pages/index.html.erb within layouts/application
  Rendered shared/_gear_dropdown.html.erb (1.2ms)
  Rendered shared/_main_nav.html.erb (16.6ms)
  Rendered shared/_masthead.html.erb (1.5ms)
  Rendered shared/_sections_nav.html.erb (1.4ms)
  Rendered shared/_search_modal.html.erb (0.9ms)
  Rendered shared/_main_content.html.erb (0.7ms)
  Rendered static_pages/index.html.erb within layouts/application (81.5ms)
Completed 200 OK in 716ms (Views: 706.6ms | ActiveRecord: 0.0ms)


Started GET "/assets/application.self-0f373df37da007f6a49dd547e57c98d4e4b99381270bd71190bdfee143f2e990.css?body=1" for ::1 at 2020-12-10 17:39:54 -0500
Started GET "/assets/AA_Times_Logo.png" for ::1 at 2020-12-10 17:39:54 -0500
Started GET "/" for ::1 at 2020-12-10 17:40:03 -0500
Processing by StaticPagesController#index as HTML
  Rendering static_pages/index.html.erb within layouts/application
  Rendered shared/_gear_dropdown.html.erb (1.5ms)
  Rendered shared/_main_nav.html.erb (13.3ms)
  Rendered shared/_masthead.html.erb (1.1ms)
  Rendered shared/_sections_nav.html.erb (1.2ms)
  Rendered shared/_search_modal.html.erb (1.4ms)
  Rendered shared/_main_content.html.erb (0.9ms)
  Rendered static_pages/index.html.erb within layouts/application (77.2ms)
Completed 200 OK in 773ms (Views: 761.9ms | ActiveRecord: 0.0ms)


Started GET "/assets/application.self-a4008b1647fe1bd25b5b9e41dab08f2cd59c4c271bd2e7e20d943c200d425896.css?body=1" for ::1 at 2020-12-10 17:40:04 -0500
Started GET "/assets/AA_Times_Logo.png" for ::1 at 2020-12-10 17:40:04 -0500
Started GET "/" for ::1 at 2020-12-10 17:41:54 -0500
Processing by StaticPagesController#index as HTML
  Rendering static_pages/index.html.erb within layouts/application
  Rendered shared/_gear_dropdown.html.erb (0.9ms)
  Rendered shared/_main_nav.html.erb (22.7ms)
  Rendered shared/_masthead.html.erb (1.1ms)
  Rendered shared/_sections_nav.html.erb (1.1ms)
  Rendered shared/_search_modal.html.erb (1.0ms)
  Rendered shared/_main_content.html.erb (1.6ms)
  Rendered static_pages/index.html.erb within layouts/application (106.9ms)
Completed 500 Internal Server Error in 362ms (ActiveRecord: 0.0ms)



Sass::SyntaxError - Invalid CSS after "...xt-decoration: ": expected expression (e.g. 1px, bold), was ":underline;":
  app/views/layouts/application.html.erb:7:in `_app_views_layouts_application_html_erb___1956310439044810784_70100175721700'

Started POST "/__better_errors/8f7c04b339bb8b10/variables" for ::1 at 2020-12-10 17:41:55 -0500
Started GET "/" for ::1 at 2020-12-10 17:42:03 -0500
Processing by StaticPagesController#index as HTML
  Rendering static_pages/index.html.erb within layouts/application
  Rendered shared/_gear_dropdown.html.erb (0.9ms)
  Rendered shared/_main_nav.html.erb (11.6ms)
  Rendered shared/_masthead.html.erb (0.8ms)
  Rendered shared/_sections_nav.html.erb (1.1ms)
  Rendered shared/_search_modal.html.erb (0.9ms)
  Rendered shared/_main_content.html.erb (1.6ms)
  Rendered static_pages/index.html.erb within layouts/application (86.6ms)
Completed 200 OK in 798ms (Views: 784.5ms | ActiveRecord: 0.0ms)


Started GET "/assets/application.self-6631d84b88b4750ca454cfdcf7470b54d95e88bc115c769edcb78cb0ed729206.css?body=1" for ::1 at 2020-12-10 17:42:04 -0500
Started GET "/assets/AA_Times_Logo.png" for ::1 at 2020-12-10 17:42:04 -0500
Started GET "/" for ::1 at 2020-12-10 17:42:54 -0500
Processing by StaticPagesController#index as HTML
  Rendering static_pages/index.html.erb within layouts/application
  Rendered shared/_gear_dropdown.html.erb (0.9ms)
  Rendered shared/_main_nav.html.erb (9.8ms)
  Rendered shared/_masthead.html.erb (1.2ms)
  Rendered shared/_sections_nav.html.erb (1.8ms)
  Rendered shared/_search_modal.html.erb (1.6ms)
  Rendered shared/_main_content.html.erb (1.6ms)
  Rendered static_pages/index.html.erb within layouts/application (74.3ms)
Completed 500 Internal Server Error in 337ms (ActiveRecord: 0.0ms)



Sass::SyntaxError - Undefined variable: "$light-grey".:
  app/views/layouts/application.html.erb:7:in `_app_views_layouts_application_html_erb___1956310439044810784_70100151497640'

Started POST "/__better_errors/c53c7e55c973d334/variables" for ::1 at 2020-12-10 17:42:55 -0500
Started GET "/" for ::1 at 2020-12-10 17:43:24 -0500
Processing by StaticPagesController#index as HTML
  Rendering static_pages/index.html.erb within layouts/application
  Rendered shared/_gear_dropdown.html.erb (0.8ms)
  Rendered shared/_main_nav.html.erb (12.7ms)
  Rendered shared/_masthead.html.erb (1.1ms)
  Rendered shared/_sections_nav.html.erb (1.0ms)
  Rendered shared/_search_modal.html.erb (1.0ms)
  Rendered shared/_main_content.html.erb (0.8ms)
  Rendered static_pages/index.html.erb within layouts/application (63.5ms)
Completed 200 OK in 668ms (Views: 658.2ms | ActiveRecord: 0.0ms)


Started GET "/assets/application.self-b0715eaec3a71472b6d41602c657b795cf6aefc45f70a5f1e19fb8f5613a1ee9.css?body=1" for ::1 at 2020-12-10 17:43:24 -0500
Started GET "/assets/AA_Times_Logo.png" for ::1 at 2020-12-10 17:43:25 -0500
Started GET "/" for ::1 at 2020-12-10 17:43:56 -0500
Processing by StaticPagesController#index as HTML
  Rendering static_pages/index.html.erb within layouts/application
  Rendered shared/_gear_dropdown.html.erb (0.9ms)
  Rendered shared/_main_nav.html.erb (11.3ms)
  Rendered shared/_masthead.html.erb (1.2ms)
  Rendered shared/_sections_nav.html.erb (1.2ms)
  Rendered shared/_search_modal.html.erb (0.8ms)
  Rendered shared/_main_content.html.erb (1.0ms)
  Rendered static_pages/index.html.erb within layouts/application (64.3ms)
Completed 200 OK in 610ms (Views: 601.4ms | ActiveRecord: 0.0ms)


Started GET "/assets/application.self-1eee3a4986455192b656e9c6e9b281cf1821e8f75fdb851c690ad5e485356fab.css?body=1" for ::1 at 2020-12-10 17:43:56 -0500
Started GET "/assets/AA_Times_Logo.png" for ::1 at 2020-12-10 17:43:56 -0500
Started GET "/" for ::1 at 2020-12-10 17:44:14 -0500
Processing by StaticPagesController#index as HTML
  Rendering static_pages/index.html.erb within layouts/application
  Rendered shared/_gear_dropdown.html.erb (1.1ms)
  Rendered shared/_main_nav.html.erb (10.4ms)
  Rendered shared/_masthead.html.erb (1.2ms)
  Rendered shared/_sections_nav.html.erb (1.3ms)
  Rendered shared/_search_modal.html.erb (1.4ms)
  Rendered shared/_main_content.html.erb (0.9ms)
  Rendered static_pages/index.html.erb within layouts/application (68.1ms)
Completed 200 OK in 563ms (Views: 554.2ms | ActiveRecord: 0.0ms)


Started GET "/assets/application.self-5bf222648cbe5e446a552577bf03e4c8675427edebc3062c0ca360210300742b.css?body=1" for ::1 at 2020-12-10 17:44:15 -0500
Started GET "/assets/AA_Times_Logo.png" for ::1 at 2020-12-10 17:44:15 -0500
Started GET "/" for ::1 at 2020-12-11 10:11:20 -0500
Processing by StaticPagesController#index as HTML
  Rendering static_pages/index.html.erb within layouts/application
  Rendered shared/_gear_dropdown.html.erb (0.3ms)
  Rendered shared/_main_nav.html.erb (82.4ms)
  Rendered shared/_masthead.html.erb (0.4ms)
  Rendered shared/_sections_nav.html.erb (0.3ms)
  Rendered shared/_search_modal.html.erb (0.3ms)
  Rendered shared/_main_content.html.erb (0.3ms)
  Rendered static_pages/index.html.erb within layouts/application (498.3ms)
Completed 200 OK in 5803ms (Views: 5699.5ms | ActiveRecord: 0.0ms)


Started GET "/assets/application.self-e2411dc5380393269961d324301ac792f7dc7934dc5c8c12edf5715fd6fa6361.css?body=1" for ::1 at 2020-12-11 10:11:27 -0500
Started GET "/assets/AA_Times_Logo.png" for ::1 at 2020-12-11 10:11:27 -0500
Started GET "/" for ::1 at 2020-12-11 10:12:22 -0500
Processing by StaticPagesController#index as HTML
  Rendering static_pages/index.html.erb within layouts/application
  Rendered shared/_gear_dropdown.html.erb (0.4ms)
  Rendered shared/_main_nav.html.erb (94.5ms)
  Rendered shared/_masthead.html.erb (0.4ms)
  Rendered shared/_sections_nav.html.erb (0.4ms)
  Rendered shared/_search_modal.html.erb (0.3ms)
  Rendered shared/_main_content.html.erb (0.3ms)
  Rendered static_pages/index.html.erb within layouts/application (495.7ms)
Completed 200 OK in 2267ms (Views: 2200.1ms | ActiveRecord: 0.0ms)


Started GET "/assets/application.self-ddae9e538c6f955ddddff38b716644c667a2dd80e57c86e9da2346d177ad2e8e.css?body=1" for ::1 at 2020-12-11 10:12:25 -0500
Started GET "/assets/AA_Times_Logo.png" for ::1 at 2020-12-11 10:12:25 -0500
Started GET "/" for ::1 at 2020-12-11 10:13:17 -0500
Processing by StaticPagesController#index as HTML
  Rendering static_pages/index.html.erb within layouts/application
  Rendered shared/_gear_dropdown.html.erb (0.6ms)
  Rendered shared/_main_nav.html.erb (76.5ms)
  Rendered shared/_masthead.html.erb (0.3ms)
  Rendered shared/_sections_nav.html.erb (0.4ms)
  Rendered shared/_search_modal.html.erb (0.3ms)
  Rendered shared/_main_content.html.erb (0.4ms)
  Rendered static_pages/index.html.erb within layouts/application (484.3ms)
Completed 200 OK in 2274ms (Views: 2198.4ms | ActiveRecord: 0.0ms)


Started GET "/assets/application.self-3a09b25b6537a3826a033b67b4aa5e219566e87749ce6913d2750855a7f70aee.css?body=1" for ::1 at 2020-12-11 10:13:19 -0500
Started GET "/assets/AA_Times_Logo.png" for ::1 at 2020-12-11 10:13:19 -0500
Started GET "/" for ::1 at 2020-12-11 10:13:35 -0500
Processing by StaticPagesController#index as HTML
  Rendering static_pages/index.html.erb within layouts/application
  Rendered shared/_gear_dropdown.html.erb (0.7ms)
  Rendered shared/_main_nav.html.erb (119.6ms)
  Rendered shared/_masthead.html.erb (0.3ms)
  Rendered shared/_sections_nav.html.erb (0.3ms)
  Rendered shared/_search_modal.html.erb (0.7ms)
  Rendered shared/_main_content.html.erb (0.2ms)
  Rendered static_pages/index.html.erb within layouts/application (518.4ms)
Completed 200 OK in 2266ms (Views: 2194.1ms | ActiveRecord: 0.0ms)


Started GET "/assets/application.self-e4e9244852bc5b0a713479772d4145f4d5d5e15930f9792b13754e67281ceaee.css?body=1" for ::1 at 2020-12-11 10:13:38 -0500
Started GET "/assets/AA_Times_Logo.png" for ::1 at 2020-12-11 10:13:38 -0500
Started GET "/" for ::1 at 2020-12-11 10:13:55 -0500
Processing by StaticPagesController#index as HTML
  Rendering static_pages/index.html.erb within layouts/application
  Rendered shared/_gear_dropdown.html.erb (0.3ms)
  Rendered shared/_main_nav.html.erb (86.5ms)
  Rendered shared/_masthead.html.erb (0.3ms)
  Rendered shared/_sections_nav.html.erb (0.4ms)
  Rendered shared/_search_modal.html.erb (0.3ms)
  Rendered shared/_main_content.html.erb (0.3ms)
  Rendered static_pages/index.html.erb within layouts/application (532.9ms)
Completed 200 OK in 2323ms (Views: 2241.8ms | ActiveRecord: 0.0ms)


Started GET "/assets/application.self-1c6239df2168592e3e539167a817a71348b06d3540ef516fdbb5e656ad4f4481.css?body=1" for ::1 at 2020-12-11 10:13:58 -0500
Started GET "/assets/AA_Times_Logo.png" for ::1 at 2020-12-11 10:13:58 -0500
Started GET "/" for ::1 at 2020-12-11 10:16:25 -0500
Processing by StaticPagesController#index as HTML
  Rendering static_pages/index.html.erb within layouts/application
  Rendered shared/_gear_dropdown.html.erb (0.3ms)
  Rendered shared/_main_nav.html.erb (68.3ms)
  Rendered shared/_masthead.html.erb (0.3ms)
  Rendered shared/_sections_nav.html.erb (0.3ms)
  Rendered shared/_search_modal.html.erb (0.3ms)
  Rendered shared/_main_content.html.erb (0.3ms)
  Rendered static_pages/index.html.erb within layouts/application (428.8ms)
Completed 200 OK in 2377ms (Views: 2304.1ms | ActiveRecord: 0.0ms)


Started GET "/assets/application.self-67b61f69698bc20ff344c886c364a01297f3d60da40f5a1ffcb3a5acdabcbddc.css?body=1" for ::1 at 2020-12-11 10:16:27 -0500
Started GET "/assets/AA_Times_Logo.png" for ::1 at 2020-12-11 10:16:27 -0500
Started GET "/" for ::1 at 2020-12-11 10:23:17 -0500
Processing by StaticPagesController#index as HTML
  Rendering static_pages/index.html.erb within layouts/application
  Rendered shared/_gear_dropdown.html.erb (0.3ms)
  Rendered shared/_main_nav.html.erb (80.6ms)
  Rendered shared/_masthead.html.erb (0.3ms)
  Rendered shared/_sections_nav.html.erb (0.3ms)
  Rendered shared/_search_modal.html.erb (0.2ms)
  Rendered shared/_main_content.html.erb (0.2ms)
  Rendered static_pages/index.html.erb within layouts/application (437.6ms)
Completed 200 OK in 2112ms (Views: 2044.2ms | ActiveRecord: 0.0ms)


Started GET "/assets/application.self-2f95ace6c1fa2e9ddcffed5d48c57f4b309587a91fea16c6fb0a48533fede2db.css?body=1" for ::1 at 2020-12-11 10:23:19 -0500
Started GET "/assets/AA_Times_Logo.png" for ::1 at 2020-12-11 10:23:19 -0500
Started GET "/" for ::1 at 2020-12-11 10:23:30 -0500
Processing by StaticPagesController#index as HTML
  Rendering static_pages/index.html.erb within layouts/application
  Rendered shared/_gear_dropdown.html.erb (0.3ms)
  Rendered shared/_main_nav.html.erb (75.4ms)
  Rendered shared/_masthead.html.erb (0.3ms)
  Rendered shared/_sections_nav.html.erb (0.4ms)
  Rendered shared/_search_modal.html.erb (0.3ms)
  Rendered shared/_main_content.html.erb (0.3ms)
  Rendered static_pages/index.html.erb within layouts/application (518.3ms)
Completed 200 OK in 2124ms (Views: 2061.0ms | ActiveRecord: 0.0ms)


Started GET "/assets/application.self-21f40eca2b567e449dbbe62cecbaf46810f64aae3b6b02192300b71de3d4d10c.css?body=1" for ::1 at 2020-12-11 10:23:33 -0500
Started GET "/assets/AA_Times_Logo.png" for ::1 at 2020-12-11 10:23:33 -0500
Started GET "/" for ::1 at 2020-12-11 10:23:45 -0500
Processing by StaticPagesController#index as HTML
  Rendering static_pages/index.html.erb within layouts/application
  Rendered shared/_gear_dropdown.html.erb (0.3ms)
  Rendered shared/_main_nav.html.erb (75.7ms)
  Rendered shared/_masthead.html.erb (0.4ms)
  Rendered shared/_sections_nav.html.erb (0.4ms)
  Rendered shared/_search_modal.html.erb (0.3ms)
  Rendered shared/_main_content.html.erb (0.2ms)
  Rendered static_pages/index.html.erb within layouts/application (457.3ms)
Completed 200 OK in 1041ms (Views: 971.9ms | ActiveRecord: 0.0ms)


Started GET "/assets/AA_Times_Logo.png" for ::1 at 2020-12-11 10:23:46 -0500
Started GET "/" for ::1 at 2020-12-11 10:24:39 -0500
Processing by StaticPagesController#index as HTML
  Rendering static_pages/index.html.erb within layouts/application
  Rendered shared/_gear_dropdown.html.erb (0.3ms)
  Rendered shared/_main_nav.html.erb (66.5ms)
  Rendered shared/_masthead.html.erb (0.3ms)
  Rendered shared/_sections_nav.html.erb (0.3ms)
  Rendered shared/_search_modal.html.erb (0.3ms)
  Rendered shared/_main_content.html.erb (0.2ms)
  Rendered static_pages/index.html.erb within layouts/application (392.9ms)
Completed 200 OK in 1989ms (Views: 1923.0ms | ActiveRecord: 0.0ms)


Started GET "/assets/application.self-58ec061ff9a528868b88d675e4972c355345564e93352a5a948fe20586f67ecb.css?body=1" for ::1 at 2020-12-11 10:24:41 -0500
Started GET "/assets/AA_Times_Logo.png" for ::1 at 2020-12-11 10:24:41 -0500
Started GET "/" for ::1 at 2020-12-11 10:26:50 -0500
Processing by StaticPagesController#index as HTML
  Rendering static_pages/index.html.erb within layouts/application
  Rendered shared/_gear_dropdown.html.erb (0.4ms)
  Rendered shared/_main_nav.html.erb (75.0ms)
  Rendered shared/_masthead.html.erb (0.3ms)
  Rendered shared/_sections_nav.html.erb (0.4ms)
  Rendered shared/_search_modal.html.erb (0.2ms)
  Rendered shared/_main_content.html.erb (0.2ms)
  Rendered static_pages/index.html.erb within layouts/application (547.3ms)
Completed 200 OK in 2184ms (Views: 2119.0ms | ActiveRecord: 0.0ms)


Started GET "/assets/application.self-e52c2a935bf52da8fcb4c87a73873f3047e1ec823b4e8ae40ff2f07906ba0fa6.css?body=1" for ::1 at 2020-12-11 10:26:52 -0500
Started GET "/assets/AA_Times_Logo.png" for ::1 at 2020-12-11 10:26:52 -0500
Started GET "/" for ::1 at 2020-12-11 10:28:02 -0500
Processing by StaticPagesController#index as HTML
  Rendering static_pages/index.html.erb within layouts/application
  Rendered shared/_gear_dropdown.html.erb (0.3ms)
  Rendered shared/_main_nav.html.erb (73.5ms)
  Rendered shared/_masthead.html.erb (0.3ms)
  Rendered shared/_sections_nav.html.erb (0.4ms)
  Rendered shared/_search_modal.html.erb (0.4ms)
  Rendered shared/_main_content.html.erb (0.2ms)
  Rendered static_pages/index.html.erb within layouts/application (474.1ms)
Completed 200 OK in 2211ms (Views: 2144.9ms | ActiveRecord: 0.0ms)


Started GET "/assets/application.self-68f8faf8649dc997862fc69dbd34535b06c8823f6ab6d54b979c38796645e332.css?body=1" for ::1 at 2020-12-11 10:28:05 -0500
Started GET "/assets/AA_Times_Logo.png" for ::1 at 2020-12-11 10:28:05 -0500
